[INFO ] 2025-03-05 21:33:49.806 [main] LicenseApplication - Starting LicenseApplication using Java 17.0.9 with PID 25348 (C:\Users\ardel\IdeaProjects\Licenta\Licenta\build\classes\java\main started by ardel in C:\Users\ardel\IdeaProjects\Licenta\Licenta)
[INFO ] 2025-03-05 21:33:49.826 [main] LicenseApplication - No active profile set, falling back to 1 default profile: "default"
[INFO ] 2025-03-05 21:33:51.123 [main] RepositoryConfigurationDelegate - Bootstrapping Spring Data JPA repositories in DEFAULT mode.
[INFO ] 2025-03-05 21:33:51.202 [main] RepositoryConfigurationDelegate - Finished Spring Data repository scanning in 69 ms. Found 5 JPA repository interfaces.
[INFO ] 2025-03-05 21:33:52.238 [main] TomcatWebServer - Tomcat initialized with port 8080 (http)
[INFO ] 2025-03-05 21:33:52.256 [main] Http11NioProtocol - Initializing ProtocolHandler ["http-nio-8080"]
[INFO ] 2025-03-05 21:33:52.261 [main] StandardService - Starting service [Tomcat]
[INFO ] 2025-03-05 21:33:52.261 [main] StandardEngine - Starting Servlet engine: [Apache Tomcat/10.1.31]
[INFO ] 2025-03-05 21:33:52.359 [main] [/] - Initializing Spring embedded WebApplicationContext
[INFO ] 2025-03-05 21:33:52.359 [main] ServletWebServerApplicationContext - Root WebApplicationContext: initialization completed in 2484 ms
[INFO ] 2025-03-05 21:33:52.806 [main] LogHelper - HHH000204: Processing PersistenceUnitInfo [name: default]
[INFO ] 2025-03-05 21:33:52.899 [main] Version - HHH000412: Hibernate ORM core version 6.5.3.Final
[INFO ] 2025-03-05 21:33:52.953 [main] RegionFactoryInitiator - HHH000026: Second-level cache disabled
[INFO ] 2025-03-05 21:33:53.385 [main] SpringPersistenceUnitInfo - No LoadTimeWeaver setup: ignoring JPA class transformer
[INFO ] 2025-03-05 21:33:53.432 [main] HikariDataSource - HikariPool-1 - Starting...
[INFO ] 2025-03-05 21:33:53.532 [main] HikariPool - HikariPool-1 - Added connection org.sqlite.jdbc4.JDBC4Connection@27bbe773
[INFO ] 2025-03-05 21:33:53.534 [main] HikariDataSource - HikariPool-1 - Start completed.
[INFO ] 2025-03-05 21:33:54.879 [main] JtaPlatformInitiator - HHH000489: No JTA platform available (set 'hibernate.transaction.jta.platform' to enable JTA platform integration)
[INFO ] 2025-03-05 21:33:54.944 [main] LocalContainerEntityManagerFactoryBean - Initialized JPA EntityManagerFactory for persistence unit 'default'
[INFO ] 2025-03-05 21:33:55.516 [main] InitializeAuthenticationProviderBeanManagerConfigurer$InitializeAuthenticationProviderManagerConfigurer - Global AuthenticationManager configured with AuthenticationProvider bean with name authenticationProvider
[WARN ] 2025-03-05 21:33:55.517 [main] InitializeUserDetailsBeanManagerConfigurer$InitializeUserDetailsManagerConfigurer - Global AuthenticationManager configured with an AuthenticationProvider bean. UserDetailsService beans will not be used by Spring Security for automatically configuring username/password login. Consider removing the AuthenticationProvider bean. Alternatively, consider using the UserDetailsService in a manually instantiated DaoAuthenticationProvider. If the current configuration is intentional, to turn off this warning, increase the logging level of 'org.springframework.security.config.annotation.authentication.configuration.InitializeUserDetailsBeanManagerConfigurer' to ERROR
[WARN ] 2025-03-05 21:33:55.634 [main] JpaBaseConfiguration$JpaWebConfiguration - spring.jpa.open-in-view is enabled by default. Therefore, database queries may be performed during view rendering. Explicitly configure spring.jpa.open-in-view to disable this warning
[INFO ] 2025-03-05 21:33:56.391 [main] EndpointLinksResolver - Exposing 1 endpoint beneath base path '/actuator'
[INFO ] 2025-03-05 21:33:57.203 [main] Http11NioProtocol - Starting ProtocolHandler ["http-nio-8080"]
[INFO ] 2025-03-05 21:33:57.240 [main] TomcatWebServer - Tomcat started on port 8080 (http) with context path '/'
[INFO ] 2025-03-05 21:33:57.265 [main] LicenseApplication - Started LicenseApplication in 8.002 seconds (process running for 9.587)
[INFO ] 2025-03-05 21:33:57.606 [RMI TCP Connection(5)-192.168.0.150] [/] - Initializing Spring DispatcherServlet 'dispatcherServlet'
[INFO ] 2025-03-05 21:33:57.606 [RMI TCP Connection(5)-192.168.0.150] DispatcherServlet - Initializing Servlet 'dispatcherServlet'
[INFO ] 2025-03-05 21:33:57.608 [RMI TCP Connection(5)-192.168.0.150] DispatcherServlet - Completed initialization in 2 ms
[INFO ] 2025-03-05 23:44:55.363 [SpringApplicationShutdownHook] LocalContainerEntityManagerFactoryBean - Closing JPA EntityManagerFactory for persistence unit 'default'
[INFO ] 2025-03-05 23:44:55.404 [SpringApplicationShutdownHook] HikariDataSource - HikariPool-1 - Shutdown initiated...
[INFO ] 2025-03-05 23:44:55.416 [SpringApplicationShutdownHook] HikariDataSource - HikariPool-1 - Shutdown completed.
