[INFO ] 2025-03-06 12:38:28.435 [main] LicenseApplication - Starting LicenseApplication using Java 17.0.9 with PID 20868 (C:\Users\ardel\IdeaProjects\Licenta\Licenta\build\classes\java\main started by ardel in C:\Users\ardel\IdeaProjects\Licenta\Licenta)
[INFO ] 2025-03-06 12:38:28.455 [main] LicenseApplication - No active profile set, falling back to 1 default profile: "default"
[INFO ] 2025-03-06 12:38:29.785 [main] RepositoryConfigurationDelegate - Bootstrapping Spring Data JPA repositories in DEFAULT mode.
[INFO ] 2025-03-06 12:38:29.860 [main] RepositoryConfigurationDelegate - Finished Spring Data repository scanning in 66 ms. Found 5 JPA repository interfaces.
[INFO ] 2025-03-06 12:38:30.865 [main] TomcatWebServer - Tomcat initialized with port 8080 (http)
[INFO ] 2025-03-06 12:38:30.879 [main] Http11NioProtocol - Initializing ProtocolHandler ["http-nio-8080"]
[INFO ] 2025-03-06 12:38:30.882 [main] StandardService - Starting service [Tomcat]
[INFO ] 2025-03-06 12:38:30.882 [main] StandardEngine - Starting Servlet engine: [Apache Tomcat/10.1.31]
[INFO ] 2025-03-06 12:38:30.962 [main] [/] - Initializing Spring embedded WebApplicationContext
[INFO ] 2025-03-06 12:38:30.963 [main] ServletWebServerApplicationContext - Root WebApplicationContext: initialization completed in 2453 ms
[INFO ] 2025-03-06 12:38:31.400 [main] LogHelper - HHH000204: Processing PersistenceUnitInfo [name: default]
[INFO ] 2025-03-06 12:38:31.503 [main] Version - HHH000412: Hibernate ORM core version 6.5.3.Final
[INFO ] 2025-03-06 12:38:31.556 [main] RegionFactoryInitiator - HHH000026: Second-level cache disabled
[INFO ] 2025-03-06 12:38:31.959 [main] SpringPersistenceUnitInfo - No LoadTimeWeaver setup: ignoring JPA class transformer
[INFO ] 2025-03-06 12:38:32.001 [main] HikariDataSource - HikariPool-1 - Starting...
[INFO ] 2025-03-06 12:38:32.127 [main] HikariPool - HikariPool-1 - Added connection org.sqlite.jdbc4.JDBC4Connection@2954c429
[INFO ] 2025-03-06 12:38:32.129 [main] HikariDataSource - HikariPool-1 - Start completed.
[INFO ] 2025-03-06 12:38:33.418 [main] JtaPlatformInitiator - HHH000489: No JTA platform available (set 'hibernate.transaction.jta.platform' to enable JTA platform integration)
[INFO ] 2025-03-06 12:38:33.464 [main] LocalContainerEntityManagerFactoryBean - Initialized JPA EntityManagerFactory for persistence unit 'default'
[INFO ] 2025-03-06 12:38:34.001 [main] InitializeAuthenticationProviderBeanManagerConfigurer$InitializeAuthenticationProviderManagerConfigurer - Global AuthenticationManager configured with AuthenticationProvider bean with name authenticationProvider
[WARN ] 2025-03-06 12:38:34.003 [main] InitializeUserDetailsBeanManagerConfigurer$InitializeUserDetailsManagerConfigurer - Global AuthenticationManager configured with an AuthenticationProvider bean. UserDetailsService beans will not be used by Spring Security for automatically configuring username/password login. Consider removing the AuthenticationProvider bean. Alternatively, consider using the UserDetailsService in a manually instantiated DaoAuthenticationProvider. If the current configuration is intentional, to turn off this warning, increase the logging level of 'org.springframework.security.config.annotation.authentication.configuration.InitializeUserDetailsBeanManagerConfigurer' to ERROR
[WARN ] 2025-03-06 12:38:34.095 [main] JpaBaseConfiguration$JpaWebConfiguration - spring.jpa.open-in-view is enabled by default. Therefore, database queries may be performed during view rendering. Explicitly configure spring.jpa.open-in-view to disable this warning
[INFO ] 2025-03-06 12:38:34.708 [main] EndpointLinksResolver - Exposing 1 endpoint beneath base path '/actuator'
[INFO ] 2025-03-06 12:38:35.377 [main] Http11NioProtocol - Starting ProtocolHandler ["http-nio-8080"]
[INFO ] 2025-03-06 12:38:35.410 [main] TomcatWebServer - Tomcat started on port 8080 (http) with context path '/'
[INFO ] 2025-03-06 12:38:35.427 [main] LicenseApplication - Started LicenseApplication in 7.469 seconds (process running for 8.85)
[INFO ] 2025-03-06 12:38:35.870 [RMI TCP Connection(2)-192.168.0.150] [/] - Initializing Spring DispatcherServlet 'dispatcherServlet'
[INFO ] 2025-03-06 12:38:35.870 [RMI TCP Connection(2)-192.168.0.150] DispatcherServlet - Initializing Servlet 'dispatcherServlet'
[INFO ] 2025-03-06 12:38:35.873 [RMI TCP Connection(2)-192.168.0.150] DispatcherServlet - Completed initialization in 3 ms
[WARN ] 2025-03-06 14:36:04.390 [HikariPool-1 housekeeper] HikariPool - HikariPool-1 - Thread starvation or clock leap detected (housekeeper delta=29m666ms906µs700ns).
[WARN ] 2025-03-06 18:49:36.020 [HikariPool-1 housekeeper] HikariPool - HikariPool-1 - Thread starvation or clock leap detected (housekeeper delta=27m29s573ms167µs201ns).
[WARN ] 2025-03-06 22:47:40.875 [HikariPool-1 housekeeper] HikariPool - HikariPool-1 - Thread starvation or clock leap detected (housekeeper delta=22m31s417ms122µs).
