[INFO ] 2025-02-26 10:49:29.545 [main] LicenseApplication - Starting LicenseApplication using Java 17.0.9 with PID 37564 (C:\Users\ardel\IdeaProjects\Licenta\Licenta\build\classes\java\main started by ardel in C:\Users\ardel\IdeaProjects\Licenta\Licenta)
[INFO ] 2025-02-26 10:49:29.567 [main] LicenseApplication - No active profile set, falling back to 1 default profile: "default"
[INFO ] 2025-02-26 10:49:31.077 [main] RepositoryConfigurationDelegate - Bootstrapping Spring Data JPA repositories in DEFAULT mode.
[INFO ] 2025-02-26 10:49:31.146 [main] RepositoryConfigurationDelegate - Finished Spring Data repository scanning in 61 ms. Found 5 JPA repository interfaces.
[INFO ] 2025-02-26 10:49:32.218 [main] TomcatWebServer - Tomcat initialized with port 8080 (http)
[INFO ] 2025-02-26 10:49:32.235 [main] Http11NioProtocol - Initializing ProtocolHandler ["http-nio-8080"]
[INFO ] 2025-02-26 10:49:32.240 [main] StandardService - Starting service [Tomcat]
[INFO ] 2025-02-26 10:49:32.240 [main] StandardEngine - Starting Servlet engine: [Apache Tomcat/10.1.31]
[INFO ] 2025-02-26 10:49:32.344 [main] [/] - Initializing Spring embedded WebApplicationContext
[INFO ] 2025-02-26 10:49:32.344 [main] ServletWebServerApplicationContext - Root WebApplicationContext: initialization completed in 2721 ms
[INFO ] 2025-02-26 10:49:32.817 [main] LogHelper - HHH000204: Processing PersistenceUnitInfo [name: default]
[INFO ] 2025-02-26 10:49:32.917 [main] Version - HHH000412: Hibernate ORM core version 6.5.3.Final
[INFO ] 2025-02-26 10:49:32.967 [main] RegionFactoryInitiator - HHH000026: Second-level cache disabled
[INFO ] 2025-02-26 10:49:33.384 [main] SpringPersistenceUnitInfo - No LoadTimeWeaver setup: ignoring JPA class transformer
[INFO ] 2025-02-26 10:49:33.429 [main] HikariDataSource - HikariPool-1 - Starting...
[INFO ] 2025-02-26 10:49:33.529 [main] HikariPool - HikariPool-1 - Added connection org.sqlite.jdbc4.JDBC4Connection@4a3bf37c
[INFO ] 2025-02-26 10:49:33.530 [main] HikariDataSource - HikariPool-1 - Start completed.
[INFO ] 2025-02-26 10:49:34.816 [main] JtaPlatformInitiator - HHH000489: No JTA platform available (set 'hibernate.transaction.jta.platform' to enable JTA platform integration)
[INFO ] 2025-02-26 10:49:34.874 [main] LocalContainerEntityManagerFactoryBean - Initialized JPA EntityManagerFactory for persistence unit 'default'
[INFO ] 2025-02-26 10:49:35.417 [main] InitializeAuthenticationProviderBeanManagerConfigurer$InitializeAuthenticationProviderManagerConfigurer - Global AuthenticationManager configured with AuthenticationProvider bean with name authenticationProvider
[WARN ] 2025-02-26 10:49:35.419 [main] InitializeUserDetailsBeanManagerConfigurer$InitializeUserDetailsManagerConfigurer - Global AuthenticationManager configured with an AuthenticationProvider bean. UserDetailsService beans will not be used by Spring Security for automatically configuring username/password login. Consider removing the AuthenticationProvider bean. Alternatively, consider using the UserDetailsService in a manually instantiated DaoAuthenticationProvider. If the current configuration is intentional, to turn off this warning, increase the logging level of 'org.springframework.security.config.annotation.authentication.configuration.InitializeUserDetailsBeanManagerConfigurer' to ERROR
[WARN ] 2025-02-26 10:49:35.518 [main] JpaBaseConfiguration$JpaWebConfiguration - spring.jpa.open-in-view is enabled by default. Therefore, database queries may be performed during view rendering. Explicitly configure spring.jpa.open-in-view to disable this warning
[INFO ] 2025-02-26 10:49:36.165 [main] EndpointLinksResolver - Exposing 1 endpoint beneath base path '/actuator'
[INFO ] 2025-02-26 10:49:36.949 [main] Http11NioProtocol - Starting ProtocolHandler ["http-nio-8080"]
[INFO ] 2025-02-26 10:49:36.979 [main] TomcatWebServer - Tomcat started on port 8080 (http) with context path '/'
[INFO ] 2025-02-26 10:49:36.996 [main] LicenseApplication - Started LicenseApplication in 7.955 seconds (process running for 9.463)
[INFO ] 2025-02-26 10:49:37.619 [RMI TCP Connection(3)-192.168.0.150] [/] - Initializing Spring DispatcherServlet 'dispatcherServlet'
[INFO ] 2025-02-26 10:49:37.619 [RMI TCP Connection(3)-192.168.0.150] DispatcherServlet - Initializing Servlet 'dispatcherServlet'
[INFO ] 2025-02-26 10:49:37.622 [RMI TCP Connection(3)-192.168.0.150] DispatcherServlet - Completed initialization in 2 ms
[WARN ] 2025-02-26 11:10:26.115 [HikariPool-1 housekeeper] HikariPool - HikariPool-1 - Thread starvation or clock leap detected (housekeeper delta=9m52s313ms518µs900ns).
[INFO ] 2025-02-26 11:13:01.110 [SpringApplicationShutdownHook] LocalContainerEntityManagerFactoryBean - Closing JPA EntityManagerFactory for persistence unit 'default'
[INFO ] 2025-02-26 11:13:01.115 [SpringApplicationShutdownHook] HikariDataSource - HikariPool-1 - Shutdown initiated...
[INFO ] 2025-02-26 11:13:01.119 [SpringApplicationShutdownHook] HikariDataSource - HikariPool-1 - Shutdown completed.
